2023-06-28T02:18:20.879+01:00  INFO 24757 --- [main] lavalink.server.Launcher                 : Starting Launcher v004a8f873517e1bf7771585ec915b4360257acd2-SNAPSHOT using Java 19.0.2 with PID 24757 (/media/sf_drive_ualg/Projects/MusicBot/MusicBot3/lavalink.jar started by alex in /media/sf_drive_ualg/Projects/MusicBot/MusicBot3)
2023-06-28T02:18:20.883+01:00  INFO 24757 --- [main] lavalink.server.Launcher                 : No active profile set, falling back to 1 default profile: "default"
2023-06-28T02:18:22.330+01:00  INFO 24757 --- [main] lavalink.server.Launcher                 : Started Launcher in 2.129 seconds (process running for 2.813)
2023-06-28T02:18:22.333+01:00  INFO 24757 --- [main] lavalink.server.Launcher                 : You can safely ignore the big red warning about illegal reflection. See https://github.com/lavalink-devs/Lavalink/issues/295
2023-06-28T02:18:22.397+01:00  INFO 24757 --- [main] lavalink.server.Launcher                 : 

[32m       .  [31m _                  _ _       _    [32m__ _ _
[32m      /\\ [31m| | __ ___   ____ _| (_)_ __ | | __[32m\ \ \ \
[32m     ( ( )[31m| |/ _` \ \ / / _` | | | '_ \| |/ /[32m \ \ \ \
[32m      \\/ [31m| | (_| |\ V / (_| | | | | | |   < [32m  ) ) ) )
[32m       '  [31m|_|\__,_| \_/ \__,_|_|_|_| |_|_|\_\[32m / / / /
[0m    =========================================[32m/_/_/_/[0m

	Version:        004a8f873517e1bf7771585ec915b4360257acd2-SNAPSHOT
	Build time:     24.06.2023 17:51:35 UTC
	Branch          v4-musl
	Commit:         004a8f8
	Commit time:    24.06.2023 17:49:31 UTC
	JVM:            19.0.2
	Lavaplayer      1.4.2

2023-06-28T02:18:22.411+01:00  INFO 24757 --- [main] lavalink.server.Launcher                 : No active profile set, falling back to 1 default profile: "default"
2023-06-28T02:18:23.203+01:00  WARN 24757 --- [main] io.undertow.websockets.jsr               : UT026010: Buffer pool was not set on WebSocketDeploymentInfo, the default pool will be used
2023-06-28T02:18:23.230+01:00  INFO 24757 --- [main] io.undertow.servlet                      : Initializing Spring embedded WebApplicationContext
2023-06-28T02:18:23.230+01:00  INFO 24757 --- [main] w.s.c.ServletWebServerApplicationContext : Root WebApplicationContext: initialization completed in 812 ms
2023-06-28T02:18:23.545+01:00  INFO 24757 --- [main] c.s.d.l.tools.GarbageCollectionMonitor   : GC monitoring enabled, reporting results every 2 minutes.
2023-06-28T02:18:24.345+01:00  INFO 24757 --- [main] l.server.config.KoeConfiguration         : OS: LINUX, Arch: X86_64
2023-06-28T02:18:24.346+01:00  INFO 24757 --- [main] l.server.config.KoeConfiguration         : Enabling JDA-NAS
2023-06-28T02:18:24.351+01:00  INFO 24757 --- [main] c.s.l.c.natives.NativeLibraryLoader      : Native library udpqueue: loading with filter null
2023-06-28T02:18:24.357+01:00  INFO 24757 --- [main] c.s.l.c.natives.NativeLibraryLoader      : Native library udpqueue: successfully loaded.
2023-06-28T02:18:24.421+01:00  WARN 24757 --- [main] l.server.config.SentryConfiguration      : Turning off sentry
2023-06-28T02:18:24.778+01:00  INFO 24757 --- [main] io.undertow                              : starting server: Undertow - 2.3.6.Final
2023-06-28T02:18:24.790+01:00  INFO 24757 --- [main] org.xnio                                 : XNIO version 3.8.8.Final
2023-06-28T02:18:24.801+01:00  INFO 24757 --- [main] org.xnio.nio                             : XNIO NIO Implementation Version 3.8.8.Final
2023-06-28T02:18:24.933+01:00  INFO 24757 --- [main] org.jboss.threads                        : JBoss Threads version 3.5.0.Final
2023-06-28T02:18:24.991+01:00  INFO 24757 --- [main] o.s.b.w.e.undertow.UndertowWebServer     : Undertow started on port(s) 2333 (http)
2023-06-28T02:18:24.997+01:00  INFO 24757 --- [main] lavalink.server.Launcher                 : Started Launcher in 2.658 seconds (process running for 5.48)
2023-06-28T02:18:24.998+01:00  INFO 24757 --- [main] lavalink.server.Launcher                 : Lavalink is ready to accept connections.
2023-06-28T02:18:29.051+01:00  INFO 24757 --- [XNIO-1 task-2] io.undertow.servlet                      : Initializing Spring DispatcherServlet 'dispatcherServlet'
2023-06-28T02:18:29.052+01:00  INFO 24757 --- [XNIO-1 task-2] o.s.web.servlet.DispatcherServlet        : Initializing Servlet 'dispatcherServlet'
2023-06-28T02:18:29.053+01:00  INFO 24757 --- [XNIO-1 task-2] o.s.web.servlet.DispatcherServlet        : Completed initialization in 1 ms
2023-06-28T02:18:29.073+01:00  WARN 24757 --- [XNIO-1 task-2] o.s.web.servlet.PageNotFound             : No mapping for GET /
2023-06-28T02:18:29.075+01:00  INFO 24757 --- [XNIO-1 task-2] l.server.io.RequestLoggingFilter         : GET /, client=127.0.0.1
2023-06-28T02:19:58.384+01:00  WARN 24757 --- [XNIO-1 task-2] o.s.web.servlet.PageNotFound             : No mapping for GET /
2023-06-28T02:19:58.384+01:00  INFO 24757 --- [XNIO-1 task-2] l.server.io.RequestLoggingFilter         : GET /, client=127.0.0.1
2023-06-28T02:23:40.446+01:00  INFO 24757 --- [SpringApplicationShutdownHook] io.undertow                              : stopping server: Undertow - 2.3.6.Final
2023-06-28T02:23:40.450+01:00  INFO 24757 --- [SpringApplicationShutdownHook] io.undertow.servlet                      : Destroying Spring FrameworkServlet 'dispatcherServlet'
2023-06-28T02:23:40.452+01:00  INFO 24757 --- [SpringApplicationShutdownHook] c.s.d.l.tools.GarbageCollectionMonitor   : GC monitoring disabled.
2023-06-28T02:23:43.096+01:00  INFO 25057 --- [main] lavalink.server.Launcher                 : Starting Launcher v004a8f873517e1bf7771585ec915b4360257acd2-SNAPSHOT using Java 19.0.2 with PID 25057 (/media/sf_drive_ualg/Projects/MusicBot/MusicBot3/lavalink.jar started by alex in /media/sf_drive_ualg/Projects/MusicBot/MusicBot3)
2023-06-28T02:23:43.100+01:00  INFO 25057 --- [main] lavalink.server.Launcher                 : No active profile set, falling back to 1 default profile: "default"
2023-06-28T02:23:44.558+01:00  INFO 25057 --- [main] lavalink.server.Launcher                 : Started Launcher in 2.145 seconds (process running for 2.77)
2023-06-28T02:23:44.561+01:00  INFO 25057 --- [main] lavalink.server.Launcher                 : You can safely ignore the big red warning about illegal reflection. See https://github.com/lavalink-devs/Lavalink/issues/295
2023-06-28T02:23:44.618+01:00  INFO 25057 --- [main] lavalink.server.Launcher                 : 

[32m       .  [31m _                  _ _       _    [32m__ _ _
[32m      /\\ [31m| | __ ___   ____ _| (_)_ __ | | __[32m\ \ \ \
[32m     ( ( )[31m| |/ _` \ \ / / _` | | | '_ \| |/ /[32m \ \ \ \
[32m      \\/ [31m| | (_| |\ V / (_| | | | | | |   < [32m  ) ) ) )
[32m       '  [31m|_|\__,_| \_/ \__,_|_|_|_| |_|_|\_\[32m / / / /
[0m    =========================================[32m/_/_/_/[0m

	Version:        004a8f873517e1bf7771585ec915b4360257acd2-SNAPSHOT
	Build time:     24.06.2023 17:51:35 UTC
	Branch          v4-musl
	Commit:         004a8f8
	Commit time:    24.06.2023 17:49:31 UTC
	JVM:            19.0.2
	Lavaplayer      1.4.2

2023-06-28T02:23:44.631+01:00  INFO 25057 --- [main] lavalink.server.Launcher                 : No active profile set, falling back to 1 default profile: "default"
2023-06-28T02:23:45.376+01:00  WARN 25057 --- [main] io.undertow.websockets.jsr               : UT026010: Buffer pool was not set on WebSocketDeploymentInfo, the default pool will be used
2023-06-28T02:23:45.403+01:00  INFO 25057 --- [main] io.undertow.servlet                      : Initializing Spring embedded WebApplicationContext
2023-06-28T02:23:45.403+01:00  INFO 25057 --- [main] w.s.c.ServletWebServerApplicationContext : Root WebApplicationContext: initialization completed in 768 ms
2023-06-28T02:23:45.686+01:00  INFO 25057 --- [main] c.s.d.l.tools.GarbageCollectionMonitor   : GC monitoring enabled, reporting results every 2 minutes.
2023-06-28T02:23:46.408+01:00  INFO 25057 --- [main] l.server.config.KoeConfiguration         : OS: LINUX, Arch: X86_64
2023-06-28T02:23:46.408+01:00  INFO 25057 --- [main] l.server.config.KoeConfiguration         : Enabling JDA-NAS
2023-06-28T02:23:46.414+01:00  INFO 25057 --- [main] c.s.l.c.natives.NativeLibraryLoader      : Native library udpqueue: loading with filter null
2023-06-28T02:23:46.419+01:00  INFO 25057 --- [main] c.s.l.c.natives.NativeLibraryLoader      : Native library udpqueue: successfully loaded.
2023-06-28T02:23:46.471+01:00  WARN 25057 --- [main] l.server.config.SentryConfiguration      : Turning off sentry
2023-06-28T02:23:46.862+01:00  INFO 25057 --- [main] io.undertow                              : starting server: Undertow - 2.3.6.Final
2023-06-28T02:23:46.874+01:00  INFO 25057 --- [main] org.xnio                                 : XNIO version 3.8.8.Final
2023-06-28T02:23:46.886+01:00  INFO 25057 --- [main] org.xnio.nio                             : XNIO NIO Implementation Version 3.8.8.Final
2023-06-28T02:23:46.992+01:00  INFO 25057 --- [main] org.jboss.threads                        : JBoss Threads version 3.5.0.Final
2023-06-28T02:23:47.054+01:00  INFO 25057 --- [main] o.s.b.w.e.undertow.UndertowWebServer     : Undertow started on port(s) 2333 (http)
2023-06-28T02:23:47.062+01:00  INFO 25057 --- [main] lavalink.server.Launcher                 : Started Launcher in 2.495 seconds (process running for 5.274)
2023-06-28T02:23:47.064+01:00  INFO 25057 --- [main] lavalink.server.Launcher                 : Lavalink is ready to accept connections.
2023-06-28T02:24:00.982+01:00  INFO 25057 --- [XNIO-1 task-2] io.undertow.servlet                      : Initializing Spring DispatcherServlet 'dispatcherServlet'
2023-06-28T02:24:00.983+01:00  INFO 25057 --- [XNIO-1 task-2] o.s.web.servlet.DispatcherServlet        : Initializing Servlet 'dispatcherServlet'
2023-06-28T02:24:00.984+01:00  INFO 25057 --- [XNIO-1 task-2] o.s.web.servlet.DispatcherServlet        : Completed initialization in 1 ms
2023-06-28T02:24:01.005+01:00  WARN 25057 --- [XNIO-1 task-2] o.s.web.servlet.PageNotFound             : No mapping for GET /
2023-06-28T02:24:01.007+01:00  INFO 25057 --- [XNIO-1 task-2] l.server.io.RequestLoggingFilter         : GET /, client=127.0.0.1
2023-06-28T02:27:37.615+01:00  INFO 25057 --- [SpringApplicationShutdownHook] io.undertow                              : stopping server: Undertow - 2.3.6.Final
2023-06-28T02:27:37.618+01:00  INFO 25057 --- [SpringApplicationShutdownHook] io.undertow.servlet                      : Destroying Spring FrameworkServlet 'dispatcherServlet'
2023-06-28T02:27:37.620+01:00  INFO 25057 --- [SpringApplicationShutdownHook] c.s.d.l.tools.GarbageCollectionMonitor   : GC monitoring disabled.
2023-06-28T02:27:40.132+01:00  INFO 25307 --- [main] lavalink.server.Launcher                 : Starting Launcher v004a8f873517e1bf7771585ec915b4360257acd2-SNAPSHOT using Java 19.0.2 with PID 25307 (/media/sf_drive_ualg/Projects/MusicBot/MusicBot3/lavalink.jar started by alex in /media/sf_drive_ualg/Projects/MusicBot/MusicBot3)
2023-06-28T02:27:40.136+01:00  INFO 25307 --- [main] lavalink.server.Launcher                 : No active profile set, falling back to 1 default profile: "default"
2023-06-28T02:27:41.447+01:00  INFO 25307 --- [main] lavalink.server.Launcher                 : Started Launcher in 1.996 seconds (process running for 2.53)
2023-06-28T02:27:41.451+01:00  INFO 25307 --- [main] lavalink.server.Launcher                 : You can safely ignore the big red warning about illegal reflection. See https://github.com/lavalink-devs/Lavalink/issues/295
2023-06-28T02:27:41.508+01:00  INFO 25307 --- [main] lavalink.server.Launcher                 : 

[32m       .  [31m _                  _ _       _    [32m__ _ _
[32m      /\\ [31m| | __ ___   ____ _| (_)_ __ | | __[32m\ \ \ \
[32m     ( ( )[31m| |/ _` \ \ / / _` | | | '_ \| |/ /[32m \ \ \ \
[32m      \\/ [31m| | (_| |\ V / (_| | | | | | |   < [32m  ) ) ) )
[32m       '  [31m|_|\__,_| \_/ \__,_|_|_|_| |_|_|\_\[32m / / / /
[0m    =========================================[32m/_/_/_/[0m

	Version:        004a8f873517e1bf7771585ec915b4360257acd2-SNAPSHOT
	Build time:     24.06.2023 17:51:35 UTC
	Branch          v4-musl
	Commit:         004a8f8
	Commit time:    24.06.2023 17:49:31 UTC
	JVM:            19.0.2
	Lavaplayer      1.4.2

2023-06-28T02:27:41.522+01:00  INFO 25307 --- [main] lavalink.server.Launcher                 : No active profile set, falling back to 1 default profile: "default"
2023-06-28T02:27:42.286+01:00  WARN 25307 --- [main] io.undertow.websockets.jsr               : UT026010: Buffer pool was not set on WebSocketDeploymentInfo, the default pool will be used
2023-06-28T02:27:42.320+01:00  INFO 25307 --- [main] io.undertow.servlet                      : Initializing Spring embedded WebApplicationContext
2023-06-28T02:27:42.321+01:00  INFO 25307 --- [main] w.s.c.ServletWebServerApplicationContext : Root WebApplicationContext: initialization completed in 795 ms
2023-06-28T02:27:42.581+01:00  INFO 25307 --- [main] c.s.d.l.tools.GarbageCollectionMonitor   : GC monitoring enabled, reporting results every 2 minutes.
2023-06-28T02:27:43.286+01:00  INFO 25307 --- [main] l.server.config.KoeConfiguration         : OS: LINUX, Arch: X86_64
2023-06-28T02:27:43.287+01:00  INFO 25307 --- [main] l.server.config.KoeConfiguration         : Enabling JDA-NAS
2023-06-28T02:27:43.292+01:00  INFO 25307 --- [main] c.s.l.c.natives.NativeLibraryLoader      : Native library udpqueue: loading with filter null
2023-06-28T02:27:43.298+01:00  INFO 25307 --- [main] c.s.l.c.natives.NativeLibraryLoader      : Native library udpqueue: successfully loaded.
2023-06-28T02:27:43.349+01:00  WARN 25307 --- [main] l.server.config.SentryConfiguration      : Turning off sentry
2023-06-28T02:27:43.704+01:00  INFO 25307 --- [main] io.undertow                              : starting server: Undertow - 2.3.6.Final
2023-06-28T02:27:43.714+01:00  INFO 25307 --- [main] org.xnio                                 : XNIO version 3.8.8.Final
2023-06-28T02:27:43.724+01:00  INFO 25307 --- [main] org.xnio.nio                             : XNIO NIO Implementation Version 3.8.8.Final
2023-06-28T02:27:43.821+01:00  INFO 25307 --- [main] org.jboss.threads                        : JBoss Threads version 3.5.0.Final
2023-06-28T02:27:43.878+01:00  INFO 25307 --- [main] o.s.b.w.e.undertow.UndertowWebServer     : Undertow started on port(s) 2333 (http)
2023-06-28T02:27:43.885+01:00  INFO 25307 --- [main] lavalink.server.Launcher                 : Started Launcher in 2.429 seconds (process running for 4.968)
2023-06-28T02:27:43.887+01:00  INFO 25307 --- [main] lavalink.server.Launcher                 : Lavalink is ready to accept connections.
2023-06-28T02:27:48.906+01:00  INFO 25307 --- [XNIO-1 task-2] io.undertow.servlet                      : Initializing Spring DispatcherServlet 'dispatcherServlet'
2023-06-28T02:27:48.906+01:00  INFO 25307 --- [XNIO-1 task-2] o.s.web.servlet.DispatcherServlet        : Initializing Servlet 'dispatcherServlet'
2023-06-28T02:27:48.908+01:00  INFO 25307 --- [XNIO-1 task-2] o.s.web.servlet.DispatcherServlet        : Completed initialization in 2 ms
2023-06-28T02:27:48.929+01:00  WARN 25307 --- [XNIO-1 task-2] o.s.web.servlet.PageNotFound             : No mapping for GET /
2023-06-28T02:27:48.931+01:00  INFO 25307 --- [XNIO-1 task-2] l.server.io.RequestLoggingFilter         : GET /, client=127.0.0.1
2023-06-28T02:31:26.356+01:00  INFO 25307 --- [SpringApplicationShutdownHook] io.undertow                              : stopping server: Undertow - 2.3.6.Final
2023-06-28T02:31:26.360+01:00  INFO 25307 --- [SpringApplicationShutdownHook] io.undertow.servlet                      : Destroying Spring FrameworkServlet 'dispatcherServlet'
2023-06-28T02:31:26.361+01:00  INFO 25307 --- [SpringApplicationShutdownHook] c.s.d.l.tools.GarbageCollectionMonitor   : GC monitoring disabled.
2023-06-28T02:32:06.210+01:00  INFO 18516 --- [main] lavalink.server.Launcher                 : Starting Launcher v004a8f873517e1bf7771585ec915b4360257acd2-SNAPSHOT using Java 19.0.2 with PID 18516 (C:\Users\alex\OneDrive - Universidade do Algarve\Projects\MusicBot\MusicBot3\lavalink.jar started by alex in C:\Users\alex\OneDrive - Universidade do Algarve\Projects\MusicBot\MusicBot3)
2023-06-28T02:32:06.213+01:00  INFO 18516 --- [main] lavalink.server.Launcher                 : No active profile set, falling back to 1 default profile: "default"
2023-06-28T02:32:07.048+01:00  INFO 18516 --- [main] lavalink.server.Launcher                 : Started Launcher in 1.278 seconds (process running for 1.835)
2023-06-28T02:32:07.050+01:00  INFO 18516 --- [main] lavalink.server.Launcher                 : You can safely ignore the big red warning about illegal reflection. See https://github.com/lavalink-devs/Lavalink/issues/295
2023-06-28T02:32:07.094+01:00  INFO 18516 --- [main] lavalink.server.Launcher                 : 

[32m       .  [31m _                  _ _       _    [32m__ _ _
[32m      /\\ [31m| | __ ___   ____ _| (_)_ __ | | __[32m\ \ \ \
[32m     ( ( )[31m| |/ _` \ \ / / _` | | | '_ \| |/ /[32m \ \ \ \
[32m      \\/ [31m| | (_| |\ V / (_| | | | | | |   < [32m  ) ) ) )
[32m       '  [31m|_|\__,_| \_/ \__,_|_|_|_| |_|_|\_\[32m / / / /
[0m    =========================================[32m/_/_/_/[0m

	Version:        004a8f873517e1bf7771585ec915b4360257acd2-SNAPSHOT
	Build time:     24.06.2023 17:51:35 UTC
	Branch          v4-musl
	Commit:         004a8f8
	Commit time:    24.06.2023 17:49:31 UTC
	JVM:            19.0.2
	Lavaplayer      1.4.2

2023-06-28T02:32:07.103+01:00  INFO 18516 --- [main] lavalink.server.Launcher                 : No active profile set, falling back to 1 default profile: "default"
2023-06-28T02:32:07.636+01:00  WARN 18516 --- [main] io.undertow.websockets.jsr               : UT026010: Buffer pool was not set on WebSocketDeploymentInfo, the default pool will be used
2023-06-28T02:32:07.657+01:00  INFO 18516 --- [main] io.undertow.servlet                      : Initializing Spring embedded WebApplicationContext
2023-06-28T02:32:07.657+01:00  INFO 18516 --- [main] w.s.c.ServletWebServerApplicationContext : Root WebApplicationContext: initialization completed in 550 ms
2023-06-28T02:32:07.876+01:00  INFO 18516 --- [main] c.s.d.l.tools.GarbageCollectionMonitor   : GC monitoring enabled, reporting results every 2 minutes.
2023-06-28T02:32:08.491+01:00  INFO 18516 --- [main] l.server.config.KoeConfiguration         : OS: WINDOWS, Arch: X86_64
2023-06-28T02:32:08.491+01:00  INFO 18516 --- [main] l.server.config.KoeConfiguration         : Enabling JDA-NAS
2023-06-28T02:32:08.494+01:00  INFO 18516 --- [main] c.s.l.c.natives.NativeLibraryLoader      : Native library udpqueue: loading with filter null
2023-06-28T02:32:08.500+01:00  INFO 18516 --- [main] c.s.l.c.natives.NativeLibraryLoader      : Native library udpqueue: successfully loaded.
2023-06-28T02:32:08.540+01:00  WARN 18516 --- [main] l.server.config.SentryConfiguration      : Turning off sentry
2023-06-28T02:32:08.764+01:00  INFO 18516 --- [main] io.undertow                              : starting server: Undertow - 2.3.6.Final
2023-06-28T02:32:08.779+01:00  INFO 18516 --- [main] org.xnio                                 : XNIO version 3.8.8.Final
2023-06-28T02:32:08.786+01:00  INFO 18516 --- [main] org.xnio.nio                             : XNIO NIO Implementation Version 3.8.8.Final
2023-06-28T02:32:08.868+01:00  INFO 18516 --- [main] org.jboss.threads                        : JBoss Threads version 3.5.0.Final
2023-06-28T02:32:08.910+01:00  INFO 18516 --- [main] o.s.b.w.e.undertow.UndertowWebServer     : Undertow started on port(s) 2333 (http)
2023-06-28T02:32:08.914+01:00  INFO 18516 --- [main] lavalink.server.Launcher                 : Started Launcher in 1.86 seconds (process running for 3.701)
2023-06-28T02:32:08.914+01:00  INFO 18516 --- [main] lavalink.server.Launcher                 : Lavalink is ready to accept connections.
2023-06-28T02:34:32.660+01:00  INFO 18516 --- [SpringApplicationShutdownHook] io.undertow                              : stopping server: Undertow - 2.3.6.Final
2023-06-28T02:34:32.666+01:00  INFO 18516 --- [SpringApplicationShutdownHook] c.s.d.l.tools.GarbageCollectionMonitor   : GC monitoring disabled.
2023-06-28T02:36:56.890+01:00  INFO 40268 --- [main] lavalink.server.Launcher                 : Starting Launcher v004a8f873517e1bf7771585ec915b4360257acd2-SNAPSHOT using Java 19.0.2 with PID 40268 (C:\Users\alex\OneDrive - Universidade do Algarve\Projects\MusicBot\MusicBot3\lavalink.jar started by alex in C:\Users\alex\OneDrive - Universidade do Algarve\Projects\MusicBot\MusicBot3)
2023-06-28T02:36:56.893+01:00  INFO 40268 --- [main] lavalink.server.Launcher                 : No active profile set, falling back to 1 default profile: "default"
2023-06-28T02:36:57.680+01:00  INFO 40268 --- [main] lavalink.server.Launcher                 : Started Launcher in 1.225 seconds (process running for 1.628)
2023-06-28T02:36:57.682+01:00  INFO 40268 --- [main] lavalink.server.Launcher                 : You can safely ignore the big red warning about illegal reflection. See https://github.com/lavalink-devs/Lavalink/issues/295
2023-06-28T02:36:57.725+01:00  INFO 40268 --- [main] lavalink.server.Launcher                 : 

[32m       .  [31m _                  _ _       _    [32m__ _ _
[32m      /\\ [31m| | __ ___   ____ _| (_)_ __ | | __[32m\ \ \ \
[32m     ( ( )[31m| |/ _` \ \ / / _` | | | '_ \| |/ /[32m \ \ \ \
[32m      \\/ [31m| | (_| |\ V / (_| | | | | | |   < [32m  ) ) ) )
[32m       '  [31m|_|\__,_| \_/ \__,_|_|_|_| |_|_|\_\[32m / / / /
[0m    =========================================[32m/_/_/_/[0m

	Version:        004a8f873517e1bf7771585ec915b4360257acd2-SNAPSHOT
	Build time:     24.06.2023 17:51:35 UTC
	Branch          v4-musl
	Commit:         004a8f8
	Commit time:    24.06.2023 17:49:31 UTC
	JVM:            19.0.2
	Lavaplayer      1.4.2

2023-06-28T02:36:57.733+01:00  INFO 40268 --- [main] lavalink.server.Launcher                 : No active profile set, falling back to 1 default profile: "default"
2023-06-28T02:36:58.280+01:00  WARN 40268 --- [main] io.undertow.websockets.jsr               : UT026010: Buffer pool was not set on WebSocketDeploymentInfo, the default pool will be used
2023-06-28T02:36:58.301+01:00  INFO 40268 --- [main] io.undertow.servlet                      : Initializing Spring embedded WebApplicationContext
2023-06-28T02:36:58.301+01:00  INFO 40268 --- [main] w.s.c.ServletWebServerApplicationContext : Root WebApplicationContext: initialization completed in 564 ms
2023-06-28T02:36:58.490+01:00  INFO 40268 --- [main] c.s.d.l.tools.GarbageCollectionMonitor   : GC monitoring enabled, reporting results every 2 minutes.
2023-06-28T02:36:59.020+01:00  INFO 40268 --- [main] l.server.config.KoeConfiguration         : OS: WINDOWS, Arch: X86_64
2023-06-28T02:36:59.021+01:00  INFO 40268 --- [main] l.server.config.KoeConfiguration         : Enabling JDA-NAS
2023-06-28T02:36:59.023+01:00  INFO 40268 --- [main] c.s.l.c.natives.NativeLibraryLoader      : Native library udpqueue: loading with filter null
2023-06-28T02:36:59.028+01:00  INFO 40268 --- [main] c.s.l.c.natives.NativeLibraryLoader      : Native library udpqueue: successfully loaded.
2023-06-28T02:36:59.065+01:00  WARN 40268 --- [main] l.server.config.SentryConfiguration      : Turning off sentry
2023-06-28T02:36:59.274+01:00  INFO 40268 --- [main] io.undertow                              : starting server: Undertow - 2.3.6.Final
2023-06-28T02:36:59.283+01:00  INFO 40268 --- [main] org.xnio                                 : XNIO version 3.8.8.Final
2023-06-28T02:36:59.290+01:00  INFO 40268 --- [main] org.xnio.nio                             : XNIO NIO Implementation Version 3.8.8.Final
2023-06-28T02:36:59.367+01:00  INFO 40268 --- [main] org.jboss.threads                        : JBoss Threads version 3.5.0.Final
2023-06-28T02:36:59.412+01:00  INFO 40268 --- [main] o.s.b.w.e.undertow.UndertowWebServer     : Undertow started on port(s) 2333 (http)
2023-06-28T02:36:59.415+01:00  INFO 40268 --- [main] lavalink.server.Launcher                 : Started Launcher in 1.729 seconds (process running for 3.364)
2023-06-28T02:36:59.416+01:00  INFO 40268 --- [main] lavalink.server.Launcher                 : Lavalink is ready to accept connections.
2023-06-28T02:37:04.377+01:00  INFO 40268 --- [XNIO-1 task-2] io.undertow.servlet                      : Initializing Spring DispatcherServlet 'dispatcherServlet'
2023-06-28T02:37:04.377+01:00  INFO 40268 --- [XNIO-1 task-2] o.s.web.servlet.DispatcherServlet        : Initializing Servlet 'dispatcherServlet'
2023-06-28T02:37:04.378+01:00  INFO 40268 --- [XNIO-1 task-2] o.s.web.servlet.DispatcherServlet        : Completed initialization in 0 ms
2023-06-28T02:37:04.388+01:00  WARN 40268 --- [XNIO-1 task-2] o.s.web.servlet.PageNotFound             : No mapping for GET /
2023-06-28T02:37:04.390+01:00  INFO 40268 --- [XNIO-1 task-2] l.server.io.RequestLoggingFilter         : GET /, client=127.0.0.1
